
--- Generate started at 2026-03-19T19:50:09.457483+00:00 ---
Generated 5 pages to /Users/davidmar/src/afterburner-customer-bot/.publish-output

--- Generate started at 2026-03-19T19:50:34.996204+00:00 ---
Generated 5 pages to /Users/davidmar/src/afterburner-customer-bot/.publish-output

--- Generate started at 2026-03-19T19:50:53.048127+00:00 ---
Generated 5 pages to /Users/davidmar/src/afterburner-customer-bot/.publish-output

--- Generate started at 2026-03-19T19:52:48.382967+00:00 ---
Generated 5 pages to /Users/davidmar/src/afterburner-customer-bot/.publish-output

--- Generate started at 2026-03-19T22:45:49.994291+00:00 ---
Generated 6 pages to /Users/davidmar/src/bot-customerObsessed-No-Prob-Bob-afterburner/.publish-output

--- Deploy started at 2026-03-19T22:45:52.342473+00:00 ---
Infrastructure ready: bucket=afterburner7, cloudfront=d258ciepyror4m.cloudfront.net
Saved CloudFront config: ET4Z17HQTO080 / d258ciepyror4m.cloudfront.net
Syncing /Users/davidmar/src/bot-customerObsessed-No-Prob-Bob-afterburner/.publish-output to s3://afterburner7/
delete: s3://afterburner7/architecture.html
Completed 0 Bytes/395.2 KiB (0 Bytes/s) with 11 file(s) remaining
delete: s3://afterburner7/sessions.html                          
Completed 0 Bytes/395.2 KiB (0 Bytes/s) with 10 file(s) remaining
delete: s3://afterburner7/getting-started.html                   
Completed 0 Bytes/395.2 KiB (0 Bytes/s) with 9 file(s) remaining
delete: s3://afterburner7/sprints.html                          
Completed 0 Bytes/395.2 KiB (0 Bytes/s) with 8 file(s) remaining
Completed 1.7 KiB/395.2 KiB (6.9 KiB/s) with 8 file(s) remaining
upload: ../../bot-customerObsessed-No-Prob-Bob-afterburner/.publish-output/auth.js to s3://afterburner7/auth.js
Completed 1.7 KiB/395.2 KiB (6.9 KiB/s) with 7 file(s) remaining
Completed 29.1 KiB/395.2 KiB (112.9 KiB/s) with 7 file(s) remaining
upload: ../../bot-customerObsessed-No-Prob-Bob-afterburner/.publish-output/use-cases.html to s3://afterburner7/use-cases.html
Completed 29.1 KiB/395.2 KiB (112.9 KiB/s) with 6 file(s) remaining
Completed 38.4 KiB/395.2 KiB (148.6 KiB/s) with 6 file(s) remaining
upload: ../../bot-customerObsessed-No-Prob-Bob-afterburner/.publish-output/css/style.css to s3://afterburner7/css/style.css
Completed 38.4 KiB/395.2 KiB (148.6 KiB/s) with 5 file(s) remaining
Completed 43.3 KiB/395.2 KiB (163.4 KiB/s) with 5 file(s) remaining
upload: ../../bot-customerObsessed-No-Prob-Bob-afterburner/.publish-output/roadmap.html to s3://afterburner7/roadmap.html
Completed 43.3 KiB/395.2 KiB (163.4 KiB/s) with 4 file(s) remaining
Completed 45.7 KiB/395.2 KiB (168.0 KiB/s) with 4 file(s) remaining
upload: ../../bot-customerObsessed-No-Prob-Bob-afterburner/.publish-output/backlog.html to s3://afterburner7/backlog.html
Completed 45.7 KiB/395.2 KiB (168.0 KiB/s) with 3 file(s) remaining
Completed 48.2 KiB/395.2 KiB (176.0 KiB/s) with 3 file(s) remaining
upload: ../../bot-customerObsessed-No-Prob-Bob-afterburner/.publish-output/index.html to s3://afterburner7/index.html
Completed 48.2 KiB/395.2 KiB (176.0 KiB/s) with 2 file(s) remaining
Completed 54.3 KiB/395.2 KiB (197.5 KiB/s) with 2 file(s) remaining
upload: ../../bot-customerObsessed-No-Prob-Bob-afterburner/.publish-output/plan.html to s3://afterburner7/plan.html
Completed 54.3 KiB/395.2 KiB (197.5 KiB/s) with 1 file(s) remaining
Completed 60.2 KiB/395.2 KiB (176.0 KiB/s) with 1 file(s) remaining
upload: ../../bot-customerObsessed-No-Prob-Bob-afterburner/.publish-output/vision.html to s3://afterburner7/vision.html
Invalidating CloudFront distribution ET4Z17HQTO080
{
    "Location": "https://cloudfront.amazonaws.com/2020-05-31/distribution/ET4Z17HQTO080/invalidation/I15R9RTU6GW3B1EZM8PRMGM9IT",
    "Invalidation": {
        "Id": "I15R9RTU6GW3B1EZM8PRMGM9IT",
        "Status": "InProgress",
        "CreateTime": "2026-03-19T22:45:56.200000+00:00",
        "InvalidationBatch": {
            "Paths": {
                "Quantity": 1,
                "Items": [
                    "/*"
                ]
            },
            "CallerReference": "cli-1773960355-388866"
        }
    }
}
Deploy complete. Files synced: 8

--- Generate started at 2026-03-19T22:46:54.916506+00:00 ---
Generated 6 pages to /Users/davidmar/src/bot-customerObsessed-No-Prob-Bob-afterburner/.publish-output

--- Deploy started at 2026-03-19T22:46:56.385326+00:00 ---

--- Generate started at 2026-03-19T23:04:24.074537+00:00 ---
Generated 6 pages to /Users/davidmar/src/bot-customerObsessed-No-Prob-Bob-afterburner/.publish-output

--- Deploy started at 2026-03-19T23:04:24.093827+00:00 ---
Infrastructure ready: bucket=bot-customer-obsessed-no-prob-bob-afterburner-s3-website, cloudfront=d3gb25yycyv0d9.cloudfront.net
Saved CloudFront config: E1YX41GAI6KJG5 / d3gb25yycyv0d9.cloudfront.net
Syncing /Users/davidmar/src/bot-customerObsessed-No-Prob-Bob-afterburner/.publish-output to s3://bot-customer-obsessed-no-prob-bob-afterburner-s3-website/
Completed 1.7 KiB/60.2 KiB (14.1 KiB/s) with 8 file(s) remaining
upload: ../../bot-customerObsessed-No-Prob-Bob-afterburner/.publish-output/auth.js to s3://bot-customer-obsessed-no-prob-bob-afterburner-s3-website/auth.js
Completed 1.7 KiB/60.2 KiB (14.1 KiB/s) with 7 file(s) remaining
Completed 7.8 KiB/60.2 KiB (28.1 KiB/s) with 7 file(s) remaining
Completed 12.8 KiB/60.2 KiB (45.5 KiB/s) with 7 file(s) remaining
upload: ../../bot-customerObsessed-No-Prob-Bob-afterburner/.publish-output/plan.html to s3://bot-customer-obsessed-no-prob-bob-afterburner-s3-website/plan.html
Completed 12.8 KiB/60.2 KiB (45.5 KiB/s) with 6 file(s) remaining
upload: ../../bot-customerObsessed-No-Prob-Bob-afterburner/.publish-output/roadmap.html to s3://bot-customer-obsessed-no-prob-bob-afterburner-s3-website/roadmap.html
Completed 12.8 KiB/60.2 KiB (45.5 KiB/s) with 5 file(s) remaining
Completed 18.6 KiB/60.2 KiB (66.1 KiB/s) with 5 file(s) remaining
upload: ../../bot-customerObsessed-No-Prob-Bob-afterburner/.publish-output/vision.html to s3://bot-customer-obsessed-no-prob-bob-afterburner-s3-website/vision.html
Completed 18.6 KiB/60.2 KiB (66.1 KiB/s) with 4 file(s) remaining
Completed 21.0 KiB/60.2 KiB (71.5 KiB/s) with 4 file(s) remaining
upload: ../../bot-customerObsessed-No-Prob-Bob-afterburner/.publish-output/backlog.html to s3://bot-customer-obsessed-no-prob-bob-afterburner-s3-website/backlog.html
Completed 21.0 KiB/60.2 KiB (71.5 KiB/s) with 3 file(s) remaining
Completed 30.3 KiB/60.2 KiB (91.2 KiB/s) with 3 file(s) remaining
upload: ../../bot-customerObsessed-No-Prob-Bob-afterburner/.publish-output/css/style.css to s3://bot-customer-obsessed-no-prob-bob-afterburner-s3-website/css/style.css
Completed 30.3 KiB/60.2 KiB (91.2 KiB/s) with 2 file(s) remaining
Completed 32.8 KiB/60.2 KiB (97.3 KiB/s) with 2 file(s) remaining
upload: ../../bot-customerObsessed-No-Prob-Bob-afterburner/.publish-output/index.html to s3://bot-customer-obsessed-no-prob-bob-afterburner-s3-website/index.html
Completed 32.8 KiB/60.2 KiB (97.3 KiB/s) with 1 file(s) remaining
Completed 60.2 KiB/60.2 KiB (176.0 KiB/s) with 1 file(s) remaining
upload: ../../bot-customerObsessed-No-Prob-Bob-afterburner/.publish-output/use-cases.html to s3://bot-customer-obsessed-no-prob-bob-afterburner-s3-website/use-cases.html
Invalidating CloudFront distribution E1YX41GAI6KJG5
{
    "Location": "https://cloudfront.amazonaws.com/2020-05-31/distribution/E1YX41GAI6KJG5/invalidation/ICOTRJBRHZ9WPY51ZOKFZTEARZ",
    "Invalidation": {
        "Id": "ICOTRJBRHZ9WPY51ZOKFZTEARZ",
        "Status": "InProgress",
        "CreateTime": "2026-03-19T23:04:29.443000+00:00",
        "InvalidationBatch": {
            "Paths": {
                "Quantity": 1,
                "Items": [
                    "/*"
                ]
            },
            "CallerReference": "cli-1773961469-78766"
        }
    }
}
Deploy complete. Files synced: 8

--- Deploy started at 2026-03-19T23:06:26.260401+00:00 ---
Infrastructure ready: bucket=bot-customer-obsessed-no-prob-bob-afterburner-s3-website, cloudfront=d3gb25yycyv0d9.cloudfront.net
Syncing /Users/davidmar/src/bot-customerObsessed-No-Prob-Bob-afterburner/.publish-output to s3://bot-customer-obsessed-no-prob-bob-afterburner-s3-website/

Invalidating CloudFront distribution E1YX41GAI6KJG5
{
    "Location": "https://cloudfront.amazonaws.com/2020-05-31/distribution/E1YX41GAI6KJG5/invalidation/I7TDZFLDXCDNHE5F856T0AL65W",
    "Invalidation": {
        "Id": "I7TDZFLDXCDNHE5F856T0AL65W",
        "Status": "InProgress",
        "CreateTime": "2026-03-19T23:06:29.805000+00:00",
        "InvalidationBatch": {
            "Paths": {
                "Quantity": 1,
                "Items": [
                    "/*"
                ]
            },
            "CallerReference": "cli-1773961589-678012"
        }
    }
}
Deploy complete. Files synced: 0

--- Generate started at 2026-03-20T06:07:00.893861+00:00 ---
Generated 8 pages to /Users/davidmar/src/bot-customerObsessed-No-Prob-Bob-afterburner/.publish-output

--- Deploy started at 2026-03-20T06:07:00.909925+00:00 ---
Infrastructure ready: bucket=bot-customer-obsessed-no-prob-bob-afterburner-s3-website, cloudfront=d3gb25yycyv0d9.cloudfront.net
Syncing /Users/davidmar/src/bot-customerObsessed-No-Prob-Bob-afterburner/.publish-output to s3://bot-customer-obsessed-no-prob-bob-afterburner-s3-website/
Completed 1.7 KiB/125.0 KiB (14.4 KiB/s) with 10 file(s) remaining
upload: ../../bot-customerObsessed-No-Prob-Bob-afterburner/.publish-output/auth.js to s3://bot-customer-obsessed-no-prob-bob-afterburner-s3-website/auth.js
Completed 1.7 KiB/125.0 KiB (14.4 KiB/s) with 9 file(s) remaining
Completed 11.0 KiB/125.0 KiB (40.5 KiB/s) with 9 file(s) remaining
upload: ../../bot-customerObsessed-No-Prob-Bob-afterburner/.publish-output/css/style.css to s3://bot-customer-obsessed-no-prob-bob-afterburner-s3-website/css/style.css
Completed 11.0 KiB/125.0 KiB (40.5 KiB/s) with 8 file(s) remaining
Completed 18.9 KiB/125.0 KiB (68.5 KiB/s) with 8 file(s) remaining
upload: ../../bot-customerObsessed-No-Prob-Bob-afterburner/.publish-output/backlog.html to s3://bot-customer-obsessed-no-prob-bob-afterburner-s3-website/backlog.html
Completed 18.9 KiB/125.0 KiB (68.5 KiB/s) with 7 file(s) remaining
Completed 28.7 KiB/125.0 KiB (103.9 KiB/s) with 7 file(s) remaining
upload: ../../bot-customerObsessed-No-Prob-Bob-afterburner/.publish-output/vision.html to s3://bot-customer-obsessed-no-prob-bob-afterburner-s3-website/vision.html
Completed 28.7 KiB/125.0 KiB (103.9 KiB/s) with 6 file(s) remaining
Completed 38.5 KiB/125.0 KiB (138.5 KiB/s) with 6 file(s) remaining
upload: ../../bot-customerObsessed-No-Prob-Bob-afterburner/.publish-output/plan.html to s3://bot-customer-obsessed-no-prob-bob-afterburner-s3-website/plan.html
Completed 38.5 KiB/125.0 KiB (138.5 KiB/s) with 5 file(s) remaining
Completed 41.5 KiB/125.0 KiB (149.1 KiB/s) with 5 file(s) remaining
upload: ../../bot-customerObsessed-No-Prob-Bob-afterburner/.publish-output/index.html to s3://bot-customer-obsessed-no-prob-bob-afterburner-s3-website/index.html
Completed 41.5 KiB/125.0 KiB (149.1 KiB/s) with 4 file(s) remaining
Completed 54.3 KiB/125.0 KiB (195.0 KiB/s) with 4 file(s) remaining
upload: ../../bot-customerObsessed-No-Prob-Bob-afterburner/.publish-output/roadmap.html to s3://bot-customer-obsessed-no-prob-bob-afterburner-s3-website/roadmap.html
Completed 54.3 KiB/125.0 KiB (195.0 KiB/s) with 3 file(s) remaining
Completed 76.0 KiB/125.0 KiB (241.3 KiB/s) with 3 file(s) remaining
upload: ../../bot-customerObsessed-No-Prob-Bob-afterburner/.publish-output/sessions.html to s3://bot-customer-obsessed-no-prob-bob-afterburner-s3-website/sessions.html
Completed 76.0 KiB/125.0 KiB (241.3 KiB/s) with 2 file(s) remaining
Completed 105.6 KiB/125.0 KiB (332.0 KiB/s) with 2 file(s) remaining
upload: ../../bot-customerObsessed-No-Prob-Bob-afterburner/.publish-output/use-cases.html to s3://bot-customer-obsessed-no-prob-bob-afterburner-s3-website/use-cases.html
Completed 105.6 KiB/125.0 KiB (332.0 KiB/s) with 1 file(s) remaining
Completed 125.0 KiB/125.0 KiB (388.6 KiB/s) with 1 file(s) remaining
upload: ../../bot-customerObsessed-No-Prob-Bob-afterburner/.publish-output/sprints.html to s3://bot-customer-obsessed-no-prob-bob-afterburner-s3-website/sprints.html
Invalidating CloudFront distribution E1YX41GAI6KJG5
{
    "Location": "https://cloudfront.amazonaws.com/2020-05-31/distribution/E1YX41GAI6KJG5/invalidation/I3AFU3YRT35T5RBI1VULUSXYI7",
    "Invalidation": {
        "Id": "I3AFU3YRT35T5RBI1VULUSXYI7",
        "Status": "InProgress",
        "CreateTime": "2026-03-20T06:07:04.863000+00:00",
        "InvalidationBatch": {
            "Paths": {
                "Quantity": 1,
                "Items": [
                    "/*"
                ]
            },
            "CallerReference": "cli-1773986824-67552"
        }
    }
}
Deploy complete. Files synced: 10

--- Generate started at 2026-03-20T06:22:58.564997+00:00 ---
Generated 8 pages to /Users/davidmar/src/bot-customerObsessed-No-Prob-Bob-afterburner/.publish-output

--- Deploy started at 2026-03-20T06:22:58.579390+00:00 ---
Infrastructure ready: bucket=bot-customer-obsessed-no-prob-bob-afterburner-s3-website, cloudfront=d3gb25yycyv0d9.cloudfront.net
Syncing /Users/davidmar/src/bot-customerObsessed-No-Prob-Bob-afterburner/.publish-output to s3://bot-customer-obsessed-no-prob-bob-afterburner-s3-website/
Completed 9.3 KiB/130.8 KiB (76.3 KiB/s) with 10 file(s) remaining
upload: ../../bot-customerObsessed-No-Prob-Bob-afterburner/.publish-output/backlog.html to s3://bot-customer-obsessed-no-prob-bob-afterburner-s3-website/backlog.html
Completed 9.3 KiB/130.8 KiB (76.3 KiB/s) with 9 file(s) remaining
Completed 12.3 KiB/130.8 KiB (47.0 KiB/s) with 9 file(s) remaining
upload: ../../bot-customerObsessed-No-Prob-Bob-afterburner/.publish-output/index.html to s3://bot-customer-obsessed-no-prob-bob-afterburner-s3-website/index.html
Completed 12.3 KiB/130.8 KiB (47.0 KiB/s) with 8 file(s) remaining
Completed 22.1 KiB/130.8 KiB (78.3 KiB/s) with 8 file(s) remaining
upload: ../../bot-customerObsessed-No-Prob-Bob-afterburner/.publish-output/vision.html to s3://bot-customer-obsessed-no-prob-bob-afterburner-s3-website/vision.html
Completed 22.1 KiB/130.8 KiB (78.3 KiB/s) with 7 file(s) remaining
Completed 23.8 KiB/130.8 KiB (83.3 KiB/s) with 7 file(s) remaining
upload: ../../bot-customerObsessed-No-Prob-Bob-afterburner/.publish-output/auth.js to s3://bot-customer-obsessed-no-prob-bob-afterburner-s3-website/auth.js
Completed 23.8 KiB/130.8 KiB (83.3 KiB/s) with 6 file(s) remaining
Completed 33.6 KiB/130.8 KiB (115.3 KiB/s) with 6 file(s) remaining
upload: ../../bot-customerObsessed-No-Prob-Bob-afterburner/.publish-output/plan.html to s3://bot-customer-obsessed-no-prob-bob-afterburner-s3-website/plan.html
Completed 33.6 KiB/130.8 KiB (115.3 KiB/s) with 5 file(s) remaining
Completed 42.9 KiB/130.8 KiB (147.1 KiB/s) with 5 file(s) remaining
upload: ../../bot-customerObsessed-No-Prob-Bob-afterburner/.publish-output/css/style.css to s3://bot-customer-obsessed-no-prob-bob-afterburner-s3-website/css/style.css
Completed 42.9 KiB/130.8 KiB (147.1 KiB/s) with 4 file(s) remaining
Completed 55.7 KiB/130.8 KiB (184.0 KiB/s) with 4 file(s) remaining
upload: ../../bot-customerObsessed-No-Prob-Bob-afterburner/.publish-output/roadmap.html to s3://bot-customer-obsessed-no-prob-bob-afterburner-s3-website/roadmap.html
Completed 55.7 KiB/130.8 KiB (184.0 KiB/s) with 3 file(s) remaining
Completed 75.1 KiB/130.8 KiB (226.5 KiB/s) with 3 file(s) remaining
upload: ../../bot-customerObsessed-No-Prob-Bob-afterburner/.publish-output/sprints.html to s3://bot-customer-obsessed-no-prob-bob-afterburner-s3-website/sprints.html
Completed 75.1 KiB/130.8 KiB (226.5 KiB/s) with 2 file(s) remaining
Completed 104.7 KiB/130.8 KiB (308.2 KiB/s) with 2 file(s) remaining
upload: ../../bot-customerObsessed-No-Prob-Bob-afterburner/.publish-output/use-cases.html to s3://bot-customer-obsessed-no-prob-bob-afterburner-s3-website/use-cases.html
Completed 104.7 KiB/130.8 KiB (308.2 KiB/s) with 1 file(s) remaining
Completed 130.8 KiB/130.8 KiB (309.5 KiB/s) with 1 file(s) remaining
upload: ../../bot-customerObsessed-No-Prob-Bob-afterburner/.publish-output/sessions.html to s3://bot-customer-obsessed-no-prob-bob-afterburner-s3-website/sessions.html
Invalidating CloudFront distribution E1YX41GAI6KJG5
{
    "Location": "https://cloudfront.amazonaws.com/2020-05-31/distribution/E1YX41GAI6KJG5/invalidation/I6UJFF2I5AB5ESJAQ9GUJN3W6I",
    "Invalidation": {
        "Id": "I6UJFF2I5AB5ESJAQ9GUJN3W6I",
        "Status": "InProgress",
        "CreateTime": "2026-03-20T06:23:02.360000+00:00",
        "InvalidationBatch": {
            "Paths": {
                "Quantity": 1,
                "Items": [
                    "/*"
                ]
            },
            "CallerReference": "cli-1773987782-662030"
        }
    }
}
Deploy complete. Files synced: 10

--- Generate started at 2026-03-20T06:36:40.765774+00:00 ---
Generated 8 pages to /Users/davidmar/src/bot-customerObsessed-No-Prob-Bob-afterburner/.publish-output

--- Deploy started at 2026-03-20T06:36:40.780207+00:00 ---
Infrastructure ready: bucket=bot-customer-obsessed-no-prob-bob-afterburner-s3-website, cloudfront=d3gb25yycyv0d9.cloudfront.net
Syncing /Users/davidmar/src/bot-customerObsessed-No-Prob-Bob-afterburner/.publish-output to s3://bot-customer-obsessed-no-prob-bob-afterburner-s3-website/
Completed 1.7 KiB/133.7 KiB (14.6 KiB/s) with 10 file(s) remaining
upload: ../../bot-customerObsessed-No-Prob-Bob-afterburner/.publish-output/auth.js to s3://bot-customer-obsessed-no-prob-bob-afterburner-s3-website/auth.js
Completed 1.7 KiB/133.7 KiB (14.6 KiB/s) with 9 file(s) remaining
Completed 11.0 KiB/133.7 KiB (43.7 KiB/s) with 9 file(s) remaining
upload: ../../bot-customerObsessed-No-Prob-Bob-afterburner/.publish-output/css/style.css to s3://bot-customer-obsessed-no-prob-bob-afterburner-s3-website/css/style.css
Completed 11.0 KiB/133.7 KiB (43.7 KiB/s) with 8 file(s) remaining
Completed 20.8 KiB/133.7 KiB (81.2 KiB/s) with 8 file(s) remaining
upload: ../../bot-customerObsessed-No-Prob-Bob-afterburner/.publish-output/vision.html to s3://bot-customer-obsessed-no-prob-bob-afterburner-s3-website/vision.html
Completed 20.8 KiB/133.7 KiB (81.2 KiB/s) with 7 file(s) remaining
Completed 30.2 KiB/133.7 KiB (115.5 KiB/s) with 7 file(s) remaining
upload: ../../bot-customerObsessed-No-Prob-Bob-afterburner/.publish-output/backlog.html to s3://bot-customer-obsessed-no-prob-bob-afterburner-s3-website/backlog.html
Completed 30.2 KiB/133.7 KiB (115.5 KiB/s) with 6 file(s) remaining
Completed 39.9 KiB/133.7 KiB (150.6 KiB/s) with 6 file(s) remaining
upload: ../../bot-customerObsessed-No-Prob-Bob-afterburner/.publish-output/plan.html to s3://bot-customer-obsessed-no-prob-bob-afterburner-s3-website/plan.html
Completed 39.9 KiB/133.7 KiB (150.6 KiB/s) with 5 file(s) remaining
Completed 42.9 KiB/133.7 KiB (158.4 KiB/s) with 5 file(s) remaining
upload: ../../bot-customerObsessed-No-Prob-Bob-afterburner/.publish-output/index.html to s3://bot-customer-obsessed-no-prob-bob-afterburner-s3-website/index.html
Completed 42.9 KiB/133.7 KiB (158.4 KiB/s) with 4 file(s) remaining
Completed 55.8 KiB/133.7 KiB (200.2 KiB/s) with 4 file(s) remaining
upload: ../../bot-customerObsessed-No-Prob-Bob-afterburner/.publish-output/roadmap.html to s3://bot-customer-obsessed-no-prob-bob-afterburner-s3-website/roadmap.html
Completed 55.8 KiB/133.7 KiB (200.2 KiB/s) with 3 file(s) remaining
Completed 75.2 KiB/133.7 KiB (243.7 KiB/s) with 3 file(s) remaining
Completed 104.1 KiB/133.7 KiB (336.9 KiB/s) with 3 file(s) remaining
upload: ../../bot-customerObsessed-No-Prob-Bob-afterburner/.publish-output/sprints.html to s3://bot-customer-obsessed-no-prob-bob-afterburner-s3-website/sprints.html
Completed 104.1 KiB/133.7 KiB (336.9 KiB/s) with 2 file(s) remaining
upload: ../../bot-customerObsessed-No-Prob-Bob-afterburner/.publish-output/sessions.html to s3://bot-customer-obsessed-no-prob-bob-afterburner-s3-website/sessions.html
Completed 104.1 KiB/133.7 KiB (336.9 KiB/s) with 1 file(s) remaining
Completed 133.7 KiB/133.7 KiB (347.4 KiB/s) with 1 file(s) remaining
upload: ../../bot-customerObsessed-No-Prob-Bob-afterburner/.publish-output/use-cases.html to s3://bot-customer-obsessed-no-prob-bob-afterburner-s3-website/use-cases.html
Invalidating CloudFront distribution E1YX41GAI6KJG5
{
    "Location": "https://cloudfront.amazonaws.com/2020-05-31/distribution/E1YX41GAI6KJG5/invalidation/I8YDTXU3MI2G0UNUQ6DCCBYFC8",
    "Invalidation": {
        "Id": "I8YDTXU3MI2G0UNUQ6DCCBYFC8",
        "Status": "InProgress",
        "CreateTime": "2026-03-20T06:36:44.570000+00:00",
        "InvalidationBatch": {
            "Paths": {
                "Quantity": 1,
                "Items": [
                    "/*"
                ]
            },
            "CallerReference": "cli-1773988604-54350"
        }
    }
}
Deploy complete. Files synced: 10

--- Generate started at 2026-03-20T06:47:18.082247+00:00 ---
Generated 8 pages to /Users/davidmar/src/bot-customerObsessed-No-Prob-Bob-afterburner/.publish-output

--- Deploy started at 2026-03-20T06:47:18.096496+00:00 ---
Infrastructure ready: bucket=bot-customer-obsessed-no-prob-bob-afterburner-s3-website, cloudfront=d3gb25yycyv0d9.cloudfront.net
Syncing /Users/davidmar/src/bot-customerObsessed-No-Prob-Bob-afterburner/.publish-output to s3://bot-customer-obsessed-no-prob-bob-afterburner-s3-website/
Completed 1.7 KiB/138.4 KiB (14.0 KiB/s) with 10 file(s) remaining
upload: ../../bot-customerObsessed-No-Prob-Bob-afterburner/.publish-output/auth.js to s3://bot-customer-obsessed-no-prob-bob-afterburner-s3-website/auth.js
Completed 1.7 KiB/138.4 KiB (14.0 KiB/s) with 9 file(s) remaining
Completed 11.5 KiB/138.4 KiB (46.4 KiB/s) with 9 file(s) remaining
upload: ../../bot-customerObsessed-No-Prob-Bob-afterburner/.publish-output/backlog.html to s3://bot-customer-obsessed-no-prob-bob-afterburner-s3-website/backlog.html
Completed 11.5 KiB/138.4 KiB (46.4 KiB/s) with 8 file(s) remaining
Completed 20.8 KiB/138.4 KiB (79.0 KiB/s) with 8 file(s) remaining
upload: ../../bot-customerObsessed-No-Prob-Bob-afterburner/.publish-output/css/style.css to s3://bot-customer-obsessed-no-prob-bob-afterburner-s3-website/css/style.css
Completed 20.8 KiB/138.4 KiB (79.0 KiB/s) with 7 file(s) remaining
Completed 23.9 KiB/138.4 KiB (88.5 KiB/s) with 7 file(s) remaining
upload: ../../bot-customerObsessed-No-Prob-Bob-afterburner/.publish-output/index.html to s3://bot-customer-obsessed-no-prob-bob-afterburner-s3-website/index.html
Completed 23.9 KiB/138.4 KiB (88.5 KiB/s) with 6 file(s) remaining
Completed 36.7 KiB/138.4 KiB (135.1 KiB/s) with 6 file(s) remaining
upload: ../../bot-customerObsessed-No-Prob-Bob-afterburner/.publish-output/roadmap.html to s3://bot-customer-obsessed-no-prob-bob-afterburner-s3-website/roadmap.html
Completed 36.7 KiB/138.4 KiB (135.1 KiB/s) with 5 file(s) remaining
Completed 46.5 KiB/138.4 KiB (168.8 KiB/s) with 5 file(s) remaining
Completed 56.3 KiB/138.4 KiB (204.1 KiB/s) with 5 file(s) remaining
upload: ../../bot-customerObsessed-No-Prob-Bob-afterburner/.publish-output/plan.html to s3://bot-customer-obsessed-no-prob-bob-afterburner-s3-website/plan.html
Completed 56.3 KiB/138.4 KiB (204.1 KiB/s) with 4 file(s) remaining
upload: ../../bot-customerObsessed-No-Prob-Bob-afterburner/.publish-output/vision.html to s3://bot-customer-obsessed-no-prob-bob-afterburner-s3-website/vision.html
Completed 56.3 KiB/138.4 KiB (204.1 KiB/s) with 3 file(s) remaining
Completed 85.9 KiB/138.4 KiB (269.6 KiB/s) with 3 file(s) remaining
upload: ../../bot-customerObsessed-No-Prob-Bob-afterburner/.publish-output/use-cases.html to s3://bot-customer-obsessed-no-prob-bob-afterburner-s3-website/use-cases.html
Completed 85.9 KiB/138.4 KiB (269.6 KiB/s) with 2 file(s) remaining
Completed 105.3 KiB/138.4 KiB (327.0 KiB/s) with 2 file(s) remaining
upload: ../../bot-customerObsessed-No-Prob-Bob-afterburner/.publish-output/sprints.html to s3://bot-customer-obsessed-no-prob-bob-afterburner-s3-website/sprints.html
Completed 105.3 KiB/138.4 KiB (327.0 KiB/s) with 1 file(s) remaining
Completed 138.4 KiB/138.4 KiB (410.8 KiB/s) with 1 file(s) remaining
upload: ../../bot-customerObsessed-No-Prob-Bob-afterburner/.publish-output/sessions.html to s3://bot-customer-obsessed-no-prob-bob-afterburner-s3-website/sessions.html
Invalidating CloudFront distribution E1YX41GAI6KJG5
{
    "Location": "https://cloudfront.amazonaws.com/2020-05-31/distribution/E1YX41GAI6KJG5/invalidation/I6YG4OS9DBNFU8VM7NEXIO0E2R",
    "Invalidation": {
        "Id": "I6YG4OS9DBNFU8VM7NEXIO0E2R",
        "Status": "InProgress",
        "CreateTime": "2026-03-20T06:47:21.733000+00:00",
        "InvalidationBatch": {
            "Paths": {
                "Quantity": 1,
                "Items": [
                    "/*"
                ]
            },
            "CallerReference": "cli-1773989241-992513"
        }
    }
}
Deploy complete. Files synced: 10

--- Generate started at 2026-03-20T07:01:50.842555+00:00 ---
Generated 9 pages to /Users/davidmar/src/bot-customerObsessed-No-Prob-Bob-afterburner/.publish-output

--- Deploy started at 2026-03-20T07:01:50.857031+00:00 ---
Infrastructure ready: bucket=bot-customer-obsessed-no-prob-bob-afterburner-s3-website, cloudfront=d3gb25yycyv0d9.cloudfront.net
Syncing /Users/davidmar/src/bot-customerObsessed-No-Prob-Bob-afterburner/.publish-output to s3://bot-customer-obsessed-no-prob-bob-afterburner-s3-website/
Completed 1.7 KiB/157.2 KiB (14.8 KiB/s) with 11 file(s) remaining
upload: ../../bot-customerObsessed-No-Prob-Bob-afterburner/.publish-output/auth.js to s3://bot-customer-obsessed-no-prob-bob-afterburner-s3-website/auth.js
Completed 1.7 KiB/157.2 KiB (14.8 KiB/s) with 10 file(s) remaining
Completed 11.6 KiB/157.2 KiB (49.2 KiB/s) with 10 file(s) remaining
upload: ../../bot-customerObsessed-No-Prob-Bob-afterburner/.publish-output/vision.html to s3://bot-customer-obsessed-no-prob-bob-afterburner-s3-website/vision.html
Completed 11.6 KiB/157.2 KiB (49.2 KiB/s) with 9 file(s) remaining
Completed 22.2 KiB/157.2 KiB (91.2 KiB/s) with 9 file(s) remaining
upload: ../../bot-customerObsessed-No-Prob-Bob-afterburner/.publish-output/backlog.html to s3://bot-customer-obsessed-no-prob-bob-afterburner-s3-website/backlog.html
Completed 22.2 KiB/157.2 KiB (91.2 KiB/s) with 8 file(s) remaining
Completed 31.5 KiB/157.2 KiB (126.3 KiB/s) with 8 file(s) remaining
upload: ../../bot-customerObsessed-No-Prob-Bob-afterburner/.publish-output/css/style.css to s3://bot-customer-obsessed-no-prob-bob-afterburner-s3-website/css/style.css
Completed 31.5 KiB/157.2 KiB (126.3 KiB/s) with 7 file(s) remaining
Completed 44.4 KiB/157.2 KiB (162.9 KiB/s) with 7 file(s) remaining
upload: ../../bot-customerObsessed-No-Prob-Bob-afterburner/.publish-output/roadmap.html to s3://bot-customer-obsessed-no-prob-bob-afterburner-s3-website/roadmap.html
Completed 44.4 KiB/157.2 KiB (162.9 KiB/s) with 6 file(s) remaining
Completed 47.7 KiB/157.2 KiB (171.9 KiB/s) with 6 file(s) remaining
Completed 57.6 KiB/157.2 KiB (206.9 KiB/s) with 6 file(s) remaining
upload: ../../bot-customerObsessed-No-Prob-Bob-afterburner/.publish-output/index.html to s3://bot-customer-obsessed-no-prob-bob-afterburner-s3-website/index.html
Completed 57.6 KiB/157.2 KiB (206.9 KiB/s) with 5 file(s) remaining
upload: ../../bot-customerObsessed-No-Prob-Bob-afterburner/.publish-output/plan.html to s3://bot-customer-obsessed-no-prob-bob-afterburner-s3-website/plan.html
Completed 57.6 KiB/157.2 KiB (206.9 KiB/s) with 4 file(s) remaining
Completed 70.9 KiB/157.2 KiB (254.0 KiB/s) with 4 file(s) remaining
upload: ../../bot-customerObsessed-No-Prob-Bob-afterburner/.publish-output/getting-started.html to s3://bot-customer-obsessed-no-prob-bob-afterburner-s3-website/getting-started.html
Completed 70.9 KiB/157.2 KiB (254.0 KiB/s) with 3 file(s) remaining
Completed 108.0 KiB/157.2 KiB (368.3 KiB/s) with 3 file(s) remaining
upload: ../../bot-customerObsessed-No-Prob-Bob-afterburner/.publish-output/sessions.html to s3://bot-customer-obsessed-no-prob-bob-afterburner-s3-website/sessions.html
Completed 108.0 KiB/157.2 KiB (368.3 KiB/s) with 2 file(s) remaining
Completed 127.5 KiB/157.2 KiB (413.6 KiB/s) with 2 file(s) remaining
upload: ../../bot-customerObsessed-No-Prob-Bob-afterburner/.publish-output/sprints.html to s3://bot-customer-obsessed-no-prob-bob-afterburner-s3-website/sprints.html
Completed 127.5 KiB/157.2 KiB (413.6 KiB/s) with 1 file(s) remaining
Completed 157.2 KiB/157.2 KiB (498.1 KiB/s) with 1 file(s) remaining
upload: ../../bot-customerObsessed-No-Prob-Bob-afterburner/.publish-output/use-cases.html to s3://bot-customer-obsessed-no-prob-bob-afterburner-s3-website/use-cases.html
Invalidating CloudFront distribution E1YX41GAI6KJG5
{
    "Location": "https://cloudfront.amazonaws.com/2020-05-31/distribution/E1YX41GAI6KJG5/invalidation/I5002I2I6F7XSD4PL8QYQXL97W",
    "Invalidation": {
        "Id": "I5002I2I6F7XSD4PL8QYQXL97W",
        "Status": "InProgress",
        "CreateTime": "2026-03-20T07:01:54.449000+00:00",
        "InvalidationBatch": {
            "Paths": {
                "Quantity": 1,
                "Items": [
                    "/*"
                ]
            },
            "CallerReference": "cli-1773990114-529610"
        }
    }
}
Deploy complete. Files synced: 11

--- Generate started at 2026-03-20T07:21:58.589525+00:00 ---
Generated 9 pages to /Users/davidmar/src/bot-customerObsessed-No-Prob-Bob-afterburner/.publish-output

--- Deploy started at 2026-03-20T07:21:58.604836+00:00 ---
Infrastructure ready: bucket=bot-customer-obsessed-no-prob-bob-afterburner-s3-website, cloudfront=d3gb25yycyv0d9.cloudfront.net
Syncing /Users/davidmar/src/bot-customerObsessed-No-Prob-Bob-afterburner/.publish-output to s3://bot-customer-obsessed-no-prob-bob-afterburner-s3-website/
Completed 1.7 KiB/168.6 KiB (13.8 KiB/s) with 11 file(s) remaining
upload: ../../bot-customerObsessed-No-Prob-Bob-afterburner/.publish-output/auth.js to s3://bot-customer-obsessed-no-prob-bob-afterburner-s3-website/auth.js
Completed 1.7 KiB/168.6 KiB (13.8 KiB/s) with 10 file(s) remaining
Completed 11.6 KiB/168.6 KiB (46.3 KiB/s) with 10 file(s) remaining
upload: ../../bot-customerObsessed-No-Prob-Bob-afterburner/.publish-output/vision.html to s3://bot-customer-obsessed-no-prob-bob-afterburner-s3-website/vision.html
Completed 11.6 KiB/168.6 KiB (46.3 KiB/s) with 9 file(s) remaining
Completed 20.9 KiB/168.6 KiB (79.7 KiB/s) with 9 file(s) remaining
upload: ../../bot-customerObsessed-No-Prob-Bob-afterburner/.publish-output/css/style.css to s3://bot-customer-obsessed-no-prob-bob-afterburner-s3-website/css/style.css
Completed 20.9 KiB/168.6 KiB (79.7 KiB/s) with 8 file(s) remaining
Completed 33.8 KiB/168.6 KiB (128.6 KiB/s) with 8 file(s) remaining
upload: ../../bot-customerObsessed-No-Prob-Bob-afterburner/.publish-output/roadmap.html to s3://bot-customer-obsessed-no-prob-bob-afterburner-s3-website/roadmap.html
Completed 33.8 KiB/168.6 KiB (128.6 KiB/s) with 7 file(s) remaining
Completed 37.1 KiB/168.6 KiB (134.2 KiB/s) with 7 file(s) remaining
upload: ../../bot-customerObsessed-No-Prob-Bob-afterburner/.publish-output/index.html to s3://bot-customer-obsessed-no-prob-bob-afterburner-s3-website/index.html
Completed 37.1 KiB/168.6 KiB (134.2 KiB/s) with 6 file(s) remaining
Completed 48.1 KiB/168.6 KiB (171.5 KiB/s) with 6 file(s) remaining
upload: ../../bot-customerObsessed-No-Prob-Bob-afterburner/.publish-output/backlog.html to s3://bot-customer-obsessed-no-prob-bob-afterburner-s3-website/backlog.html
Completed 48.1 KiB/168.6 KiB (171.5 KiB/s) with 5 file(s) remaining
Completed 87.2 KiB/168.6 KiB (277.7 KiB/s) with 5 file(s) remaining
upload: ../../bot-customerObsessed-No-Prob-Bob-afterburner/.publish-output/sessions.html to s3://bot-customer-obsessed-no-prob-bob-afterburner-s3-website/sessions.html
Completed 87.2 KiB/168.6 KiB (277.7 KiB/s) with 4 file(s) remaining
Completed 116.9 KiB/168.6 KiB (363.9 KiB/s) with 4 file(s) remaining
upload: ../../bot-customerObsessed-No-Prob-Bob-afterburner/.publish-output/use-cases.html to s3://bot-customer-obsessed-no-prob-bob-afterburner-s3-website/use-cases.html
Completed 116.9 KiB/168.6 KiB (363.9 KiB/s) with 3 file(s) remaining
Completed 145.4 KiB/168.6 KiB (445.3 KiB/s) with 3 file(s) remaining
upload: ../../bot-customerObsessed-No-Prob-Bob-afterburner/.publish-output/sprints.html to s3://bot-customer-obsessed-no-prob-bob-afterburner-s3-website/sprints.html
Completed 145.4 KiB/168.6 KiB (445.3 KiB/s) with 2 file(s) remaining
Completed 158.7 KiB/168.6 KiB (466.3 KiB/s) with 2 file(s) remaining
upload: ../../bot-customerObsessed-No-Prob-Bob-afterburner/.publish-output/getting-started.html to s3://bot-customer-obsessed-no-prob-bob-afterburner-s3-website/getting-started.html
Completed 158.7 KiB/168.6 KiB (466.3 KiB/s) with 1 file(s) remaining
Completed 168.6 KiB/168.6 KiB (471.7 KiB/s) with 1 file(s) remaining
upload: ../../bot-customerObsessed-No-Prob-Bob-afterburner/.publish-output/plan.html to s3://bot-customer-obsessed-no-prob-bob-afterburner-s3-website/plan.html
Invalidating CloudFront distribution E1YX41GAI6KJG5
{
    "Location": "https://cloudfront.amazonaws.com/2020-05-31/distribution/E1YX41GAI6KJG5/invalidation/IBNBHOEX3AY3ZG9OZH3LABLQ1S",
    "Invalidation": {
        "Id": "IBNBHOEX3AY3ZG9OZH3LABLQ1S",
        "Status": "InProgress",
        "CreateTime": "2026-03-20T07:22:02.293000+00:00",
        "InvalidationBatch": {
            "Paths": {
                "Quantity": 1,
                "Items": [
                    "/*"
                ]
            },
            "CallerReference": "cli-1773991322-795490"
        }
    }
}
Deploy complete. Files synced: 11

--- Generate started at 2026-03-20T07:41:53.012303+00:00 ---
Generated 9 pages to /Users/davidmar/src/bot-customerObsessed-No-Prob-Bob-afterburner/.publish-output

--- Deploy started at 2026-03-20T07:41:53.029045+00:00 ---
Infrastructure ready: bucket=bot-customer-obsessed-no-prob-bob-afterburner-s3-website, cloudfront=d3gb25yycyv0d9.cloudfront.net
Syncing /Users/davidmar/src/bot-customerObsessed-No-Prob-Bob-afterburner/.publish-output to s3://bot-customer-obsessed-no-prob-bob-afterburner-s3-website/
Completed 1.7 KiB/171.0 KiB (15.9 KiB/s) with 11 file(s) remaining
upload: ../../bot-customerObsessed-No-Prob-Bob-afterburner/.publish-output/auth.js to s3://bot-customer-obsessed-no-prob-bob-afterburner-s3-website/auth.js
Completed 1.7 KiB/171.0 KiB (15.9 KiB/s) with 10 file(s) remaining
Completed 11.6 KiB/171.0 KiB (53.5 KiB/s) with 10 file(s) remaining
upload: ../../bot-customerObsessed-No-Prob-Bob-afterburner/.publish-output/vision.html to s3://bot-customer-obsessed-no-prob-bob-afterburner-s3-website/vision.html
Completed 11.6 KiB/171.0 KiB (53.5 KiB/s) with 9 file(s) remaining
Completed 23.0 KiB/171.0 KiB (95.8 KiB/s) with 9 file(s) remaining
upload: ../../bot-customerObsessed-No-Prob-Bob-afterburner/.publish-output/backlog.html to s3://bot-customer-obsessed-no-prob-bob-afterburner-s3-website/backlog.html
Completed 23.0 KiB/171.0 KiB (95.8 KiB/s) with 8 file(s) remaining
Completed 32.3 KiB/171.0 KiB (117.7 KiB/s) with 8 file(s) remaining
upload: ../../bot-customerObsessed-No-Prob-Bob-afterburner/.publish-output/css/style.css to s3://bot-customer-obsessed-no-prob-bob-afterburner-s3-website/css/style.css
Completed 32.3 KiB/171.0 KiB (117.7 KiB/s) with 7 file(s) remaining
Completed 35.6 KiB/171.0 KiB (129.5 KiB/s) with 7 file(s) remaining
upload: ../../bot-customerObsessed-No-Prob-Bob-afterburner/.publish-output/index.html to s3://bot-customer-obsessed-no-prob-bob-afterburner-s3-website/index.html
Completed 35.6 KiB/171.0 KiB (129.5 KiB/s) with 6 file(s) remaining
Completed 45.4 KiB/171.0 KiB (163.1 KiB/s) with 6 file(s) remaining
upload: ../../bot-customerObsessed-No-Prob-Bob-afterburner/.publish-output/plan.html to s3://bot-customer-obsessed-no-prob-bob-afterburner-s3-website/plan.html
Completed 45.4 KiB/171.0 KiB (163.1 KiB/s) with 5 file(s) remaining
Completed 58.7 KiB/171.0 KiB (210.4 KiB/s) with 5 file(s) remaining
upload: ../../bot-customerObsessed-No-Prob-Bob-afterburner/.publish-output/getting-started.html to s3://bot-customer-obsessed-no-prob-bob-afterburner-s3-website/getting-started.html
Completed 58.7 KiB/171.0 KiB (210.4 KiB/s) with 4 file(s) remaining
Completed 71.7 KiB/171.0 KiB (231.9 KiB/s) with 4 file(s) remaining
upload: ../../bot-customerObsessed-No-Prob-Bob-afterburner/.publish-output/roadmap.html to s3://bot-customer-obsessed-no-prob-bob-afterburner-s3-website/roadmap.html
Completed 71.7 KiB/171.0 KiB (231.9 KiB/s) with 3 file(s) remaining
Completed 101.4 KiB/171.0 KiB (318.9 KiB/s) with 3 file(s) remaining
upload: ../../bot-customerObsessed-No-Prob-Bob-afterburner/.publish-output/use-cases.html to s3://bot-customer-obsessed-no-prob-bob-afterburner-s3-website/use-cases.html
Completed 101.4 KiB/171.0 KiB (318.9 KiB/s) with 2 file(s) remaining
Completed 131.8 KiB/171.0 KiB (409.0 KiB/s) with 2 file(s) remaining
upload: ../../bot-customerObsessed-No-Prob-Bob-afterburner/.publish-output/sprints.html to s3://bot-customer-obsessed-no-prob-bob-afterburner-s3-website/sprints.html
Completed 131.8 KiB/171.0 KiB (409.0 KiB/s) with 1 file(s) remaining
Completed 171.0 KiB/171.0 KiB (525.5 KiB/s) with 1 file(s) remaining
upload: ../../bot-customerObsessed-No-Prob-Bob-afterburner/.publish-output/sessions.html to s3://bot-customer-obsessed-no-prob-bob-afterburner-s3-website/sessions.html
Invalidating CloudFront distribution E1YX41GAI6KJG5
{
    "Location": "https://cloudfront.amazonaws.com/2020-05-31/distribution/E1YX41GAI6KJG5/invalidation/IBFV55RE4ZHV08T5I0MAODQCIL",
    "Invalidation": {
        "Id": "IBFV55RE4ZHV08T5I0MAODQCIL",
        "Status": "InProgress",
        "CreateTime": "2026-03-20T07:41:56.712000+00:00",
        "InvalidationBatch": {
            "Paths": {
                "Quantity": 1,
                "Items": [
                    "/*"
                ]
            },
            "CallerReference": "cli-1773992516-290595"
        }
    }
}
Deploy complete. Files synced: 11
